<?xml version="1.0" encoding="UTF-8"?>
<!-- Generated by org.testng.reporters.JUnitReportReporter -->
<testsuite name="com.test.practice.NewTest" tests="1" time="17.519" ignored="0" failures="0" timestamp="21 Mar 2017 17:44:58 GMT" skipped="0" hostname="anita-X550LD" errors="0">
  <testcase name="verifySeleniumBlog" time="17.519" classname="com.test.practice.NewTest"/>
</testsuite> <!-- com.test.practice.NewTest -->
